2023-09-15T19:22:48.264Z [info]: User requested to see the grocery list
2023-09-15T19:27:13.643Z [info]: User requested to see the grocery list
2023-09-15T19:27:16.096Z [info]: User added {"name":"Apple","quantity":"2","price":"1","purchased":"false"} to the grocery list
2023-09-15T19:27:20.663Z [info]: User requested to see the grocery list
2023-09-15T19:27:32.693Z [info]: User added {"quantity":"2","price":"1","purchased":"false"} to the grocery list
2023-09-15T19:28:14.434Z [info]: User added {"name":"Banana","quantity":"5","price":"0.10","purchased":"false"} to the grocery list
2023-09-15T19:37:35.890Z [info]: User requested to see the grocery list
2023-09-15T19:37:40.969Z [error]: Invalid item attempted to be added to grocery list
2023-09-15T19:39:24.065Z [info]: User requested to see the grocery list
2023-09-15T19:39:26.149Z [error]: Invalid item attempted to be added to grocery list
2023-09-15T19:41:03.690Z [info]: User requested to see the grocery list
2023-09-15T19:41:05.997Z [info]: User added {"name":"Apple","quantity":"2","price":"1","purchased":"false"} to the grocery list
2023-09-15T19:41:59.610Z [info]: User requested to see the grocery list
2023-09-15T19:42:01.801Z [info]: User added {"name":"Apple","quantity":"2","price":"1","purchased":"false"} to the grocery list
2023-09-15T19:42:07.335Z [error]: Invalid item attempted to be added to grocery list
2023-09-15T19:42:11.630Z [info]: User added {"name":"Banana","quantity":"5","price":"0.10","purchased":"false"} to the grocery list
2023-09-15T19:42:13.718Z [error]: Invalid item attempted to be added to grocery list
2023-09-15T19:42:17.023Z [info]: User requested to see the grocery list
2023-09-15T19:47:34.934Z [info]: User requested to see the grocery list
2023-09-15T19:47:37.483Z [info]: User added {"name":"Apple","quantity":"2","price":"1","purchased":"false"} to the grocery list
2023-09-15T19:47:38.605Z [error]: Duplicate item [Apple] attempted to be added to list
2023-09-15T19:47:44.268Z [error]: Invalid item attempted to be added to list
2023-09-15T19:48:02.026Z [info]: User added {"name":"Banana","quantity":"5","price":"0.10","purchased":"false"} to the grocery list
2023-09-15T20:05:19.407Z [info]: User requested to see the grocery list
2023-09-15T20:05:21.356Z [info]: User added {"name":"Apple","quantity":"2","price":"1","purchased":"false"} to the grocery list
2023-09-15T20:05:22.808Z [error]: Invalid item attempted to be added to list
2023-09-15T20:05:24.565Z [info]: User added {"name":"Banana","quantity":"5","price":"0.10","purchased":"false"} to the grocery list
2023-09-15T20:05:27.407Z [info]: User requested to see the grocery list
2023-09-15T20:05:35.471Z [info]: User requested to see the grocery list
2023-09-15T20:05:41.039Z [error]: User attemped to update an item (Pear) not grocery list
2023-09-15T20:05:48.171Z [error]: Item does not have a name
2023-09-15T20:05:53.623Z [info]: User requested to see the grocery list
2023-09-15T20:11:05.248Z [info]: User requested to see the grocery list
2023-09-15T20:11:07.193Z [info]: User added {"name":"Apple","quantity":"2","price":"1","purchased":"false"} to the grocery list
2023-09-15T20:11:09.672Z [error]: Invalid item attempted to be added to list
2023-09-15T20:11:13.019Z [info]: User added {"name":"Banana","quantity":"5","price":"0.10","purchased":"false"} to the grocery list
2023-09-15T20:11:15.675Z [info]: Apple was updated on the grocery list
2023-09-15T20:11:18.518Z [error]: User attemped to update an item (Pear) not grocery list
2023-09-15T20:11:23.178Z [error]: Item does not have a name
2023-09-15T20:13:22.672Z [info]: User requested to see the grocery list
2023-09-15T20:13:24.655Z [info]: User added {"name":"Apple","quantity":"2","price":"1","purchased":"false"} to the grocery list
2023-09-15T20:13:27.131Z [error]: Invalid item attempted to be added to list
2023-09-15T20:13:28.860Z [info]: User added {"name":"Banana","quantity":"5","price":"0.10","purchased":"false"} to the grocery list
2023-09-15T20:13:30.835Z [info]: Apple was updated on the grocery list
2023-09-15T20:13:32.495Z [error]: User attemped to update an item (Pear) not grocery list
2023-09-15T20:13:34.245Z [error]: User attempted to update an item without specifying the item name
2023-09-15T20:13:36.916Z [info]: Apple has been removed from the grocery list
2023-09-15T20:13:39.623Z [error]: User attempted to delete an item without specifying the item name
2023-09-15T20:13:43.291Z [error]: User attemped to delete an item (Boat) not grocery list
2023-09-15T20:13:54.213Z [info]: User requested to see the grocery list
2023-09-15T20:13:56.573Z [error]: User attemped to delete an item (Apple) not grocery list
2023-09-15T20:17:16.979Z [info]: User added {"name":"Apple","quantity":"2","price":"1","purchased":"false"} to the grocery list
2023-09-15T20:17:32.593Z [info]: No changes made to Apple
2023-09-15T20:17:32.593Z [info]: Apple was updated on the grocery list
2023-09-15T20:17:56.165Z [info]: Apple was updated on the grocery list
2023-09-15T20:20:04.647Z [info]: User added {"name":"Apple","quantity":"2","price":"1","purchased":"false"} to the grocery list
2023-09-15T20:20:09.600Z [info]: Apple was updated on the grocery list
2023-09-15T20:20:18.828Z [info]: User requested to see the grocery list
2023-09-15T20:20:25.554Z [info]: No changes made to Apple
2023-09-15T20:21:22.052Z [info]: User requested to see the grocery list
2023-09-15T20:21:24.915Z [info]: User added {"name":"Apple","quantity":"2","price":"1","purchased":"false"} to the grocery list
2023-09-15T20:21:27.378Z [info]: User requested to see the grocery list
2023-09-15T20:21:31.123Z [info]: No changes made to Apple
2023-09-15T20:21:36.191Z [info]: User requested to see the grocery list
2023-09-15T20:21:51.298Z [info]: Apple was updated on the grocery list
2023-09-15T20:21:55.092Z [info]: User requested to see the grocery list
2023-09-17T17:01:10.008Z [info]: User requested to see the grocery list
2023-09-17T17:01:11.940Z [error]: Invalid item attempted to be added to list. Apple is not on the grocery list
2023-09-17T17:01:48.677Z [info]: User requested to see the grocery list
2023-09-17T17:01:50.155Z [error]: Invalid item attempted to be added to list. Apple is not on the grocery list
2023-09-17T17:01:51.408Z [info]: User requested to see the grocery list
2023-09-17T17:02:44.253Z [error]: Invalid item attempted to be added to list. Apple is not on the grocery list
2023-09-17T17:03:09.046Z [error]: Invalid item attempted to be added to list. Apple is not on the grocery list
2023-09-17T17:04:02.591Z [info]: User requested to see the grocery list
2023-09-17T17:04:04.709Z [info]: User added {"name":"Apple","quantity":"2","price":"1","purchased":"false"} to the grocery list
2023-09-17T17:04:13.944Z [error]: Invalid item attempted to be added to list. Apple is already on the grocery list
2023-09-17T17:04:23.099Z [info]: User requested to see the grocery list
2023-09-17T17:04:26.858Z [error]: Invalid item attempted to be added to list. Item does not have a valid name
2023-09-17T17:04:34.987Z [info]: User added {"name":"Banana","quantity":"5","price":"0.10","purchased":"false"} to the grocery list
2023-09-17T17:04:58.205Z [info]: User requested to see the grocery list
2023-09-17T17:14:31.584Z [info]: User requested to see the grocery list
2023-09-17T17:14:33.254Z [info]: User added {"name":"Apple","quantity":"2","price":"1","purchased":"false"} to the grocery list
2023-09-17T17:14:34.820Z [error]: Invalid item attempted to be added to list. Item does not have a valid name
2023-09-17T17:14:36.721Z [info]: User added {"name":"Banana","quantity":"5","price":"0.10","purchased":"false"} to the grocery list
2023-09-17T17:14:40.654Z [error]: Invalid item attempted to be updated on list. Apple is already on the grocery list
2023-09-17T17:17:31.667Z [info]: User requested to see the grocery list
2023-09-17T17:17:33.351Z [info]: User added {"name":"Apple","quantity":"2","price":"1","purchased":"false"} to the grocery list
2023-09-17T17:17:34.716Z [error]: Invalid item attempted to be added to list. Item does not have a valid name
2023-09-17T17:17:36.363Z [info]: User added {"name":"Banana","quantity":"5","price":"0.10","purchased":"false"} to the grocery list
2023-09-17T17:17:37.933Z [info]: User requested to see the grocery list
2023-09-17T17:17:40.136Z [info]: User updated {"name":"Apple","purchased":"true"} on the grocery list
2023-09-17T17:17:45.784Z [error]: Invalid item attempted to be updated on list. Pear is not on the grocery list
2023-09-17T17:17:50.093Z [error]: Invalid item attempted to be updated on list. Item does not have a valid name
2023-09-17T17:28:57.172Z [info]: User requested to see the grocery list
2023-09-17T17:28:59.151Z [info]: User added {"name":"Apple","quantity":"2","price":"1","purchased":"false"} to the grocery list
2023-09-17T17:29:00.450Z [error]: Invalid item attempted to be added to list. Item does not have a valid name
2023-09-17T17:29:02.499Z [info]: User added {"name":"Banana","quantity":"5","price":"0.10","purchased":"false"} to the grocery list
2023-09-17T17:29:06.003Z [info]: User updated {"name":"Apple","purchased":"true"} on the grocery list
2023-09-17T17:29:08.146Z [error]: Invalid item attempted to be added to list. Banana is already on the grocery list
2023-09-17T17:29:11.001Z [error]: Invalid item attempted to be updated on list. Pear is not on the grocery list
2023-09-17T17:29:13.544Z [error]: Invalid item attempted to be updated on list. Item does not have a valid name
2023-09-17T17:29:17.179Z [info]: Apple has been removed from the grocery list
2023-09-17T17:29:20.212Z [error]: Invalid item attempted to be deleted from list. Item does not have a valid name
2023-09-17T17:29:24.045Z [error]: Invalid item attempted to be deleted from list. Boat is not on the grocery list
2023-09-17T17:29:26.695Z [error]: Invalid item attempted to be deleted from list. Apple is not on the grocery list
2023-09-17T17:29:29.001Z [info]: User requested to see the grocery list
2023-09-17T17:33:17.282Z [info]: User requested to see the grocery list
2023-09-17T17:33:19.519Z [info]: User added {"name":"Apple","quantity":"2","price":"1","purchased":"false"} to the grocery list
2023-09-17T17:33:20.384Z [error]: Invalid item attempted to be added to list. Apple is already on the grocery list
2023-09-17T17:33:23.595Z [error]: Invalid item attempted to be added to list. Item does not have a valid name
2023-09-17T17:33:26.078Z [info]: User added {"name":"Banana","quantity":"5","price":"0.10","purchased":"false"} to the grocery list
2023-09-17T17:33:28.118Z [info]: User updated {"name":"Apple","purchased":"true"} on the grocery list
2023-09-17T17:33:29.067Z [info]: User updated {"name":"Apple","purchased":"true"} on the grocery list
2023-09-17T17:33:35.367Z [error]: Invalid item attempted to be updated on list. Pear is not on the grocery list
2023-09-17T17:33:38.686Z [error]: Invalid item attempted to be updated on list. Item does not have a valid name
2023-09-17T17:33:42.233Z [info]: Apple has been removed from the grocery list
2023-09-17T17:33:44.827Z [error]: Invalid item attempted to be deleted from list. Item does not have a valid name
2023-09-17T17:33:48.799Z [error]: Invalid item attempted to be deleted from list. Boat is not on the grocery list
2023-09-17T21:40:41.284Z [info]: User requested to see the grocery list
2023-09-17T21:40:43.877Z [info]: User added {"name":"Apple","quantity":"2","price":"1","purchased":"false"} to the grocery list
2023-09-17T21:40:46.669Z [info]: User requested to see the grocery list
2023-09-17T21:40:49.699Z [info]: User updated {"name":"Apple","purchased":"true"} on the grocery list
2023-09-17T21:40:52.681Z [info]: User requested to see the grocery list
2023-09-17T21:50:34.757Z [info]: Test1 has been removed from the grocery list
2023-09-17T21:53:43.317Z [info]: Test1 has been removed from the grocery list
2023-09-17T21:54:03.642Z [info]: Test1 has been removed from the grocery list
2023-09-17T21:54:15.082Z [info]: Test1 has been removed from the grocery list
2023-09-17T21:57:00.881Z [info]: Test1 has been removed from the grocery list
2023-09-17T22:02:39.782Z [info]: Test1 has been removed from the grocery list
2023-09-17T22:03:57.039Z [info]: Test1 has been removed from the grocery list
2023-09-17T22:05:24.731Z [info]: Test1 has been removed from the grocery list
2023-09-17T22:06:06.472Z [info]: Test1 has been removed from the grocery list
2023-09-17T22:07:56.542Z [info]: Test1 has been removed from the grocery list
2023-09-17T22:08:26.052Z [info]: Test1 has been removed from the grocery list
2023-09-17T22:09:06.093Z [info]: Test1 has been removed from the grocery list
2023-09-17T22:10:19.606Z [info]: Test1 has been removed from the grocery list
